<?xml version="1.0" encoding="UTF-8"?>
<robot generator="Robot 3.2.2 (Python 3.7.7 on win32)" generated="20210216 23:17:55.914" rpa="false">
<suite id="s1" name="Create New User" source="C:\AutomationRobot\create_new_user.robot">
<kw name="Navigate To Homepage And Click Sign In" library="automation_resource" type="setup">
<kw name="Open Browser" library="SeleniumLibrary">
<doc>Opens a new browser instance to the optional ``url``.</doc>
<arguments>
<arg>${URL}</arg>
<arg>${BROWSER}</arg>
</arguments>
<msg timestamp="20210216 23:17:56.890" level="INFO">Opening browser 'chrome' to base url 'http://automationpractice.com/'.</msg>
<kw name="Capture Page Screenshot" library="SeleniumLibrary">
<doc>Takes a screenshot of the current page and embeds it into a log file.</doc>
<msg timestamp="20210216 23:18:01.691" level="INFO" html="yes">&lt;/td&gt;&lt;/tr&gt;&lt;tr&gt;&lt;td colspan="3"&gt;&lt;a href="selenium-screenshot-12.png"&gt;&lt;img src="selenium-screenshot-12.png" width="800px"&gt;&lt;/a&gt;</msg>
<status status="PASS" starttime="20210216 23:18:01.351" endtime="20210216 23:18:01.691"></status>
</kw>
<msg timestamp="20210216 23:18:01.696" level="FAIL">WebDriverException: Message: unknown error: net::ERR_NAME_NOT_RESOLVED
  (Session info: chrome=88.0.4324.150)
</msg>
<status status="FAIL" starttime="20210216 23:17:56.889" endtime="20210216 23:18:01.696"></status>
</kw>
<status status="FAIL" starttime="20210216 23:17:56.889" endtime="20210216 23:18:01.696"></status>
</kw>
<test id="s1-t1" name="Create a New User Account">
<status status="FAIL" starttime="20210216 23:18:01.696" endtime="20210216 23:18:01.697" critical="yes">Parent suite setup failed:
WebDriverException: Message: unknown error: net::ERR_NAME_NOT_RESOLVED
  (Session info: chrome=88.0.4324.150)
</status>
</test>
<status status="FAIL" starttime="20210216 23:17:55.916" endtime="20210216 23:18:01.701">Suite setup failed:
WebDriverException: Message: unknown error: net::ERR_NAME_NOT_RESOLVED
  (Session info: chrome=88.0.4324.150)
</status>
</suite>
<statistics>
<total>
<stat pass="0" fail="1">Critical Tests</stat>
<stat pass="0" fail="1">All Tests</stat>
</total>
<tag>
</tag>
<suite>
<stat pass="0" fail="1" id="s1" name="Create New User">Create New User</stat>
</suite>
</statistics>
<errors>
</errors>
</robot>
